dataset: glass method: LIME seed: 1 num_sampes: 1000 test size: (54, 9)
109, [8, 4, 7, 1, 2], [7, 6, 1, 8, 3], 0.6
80, [8, 4, 3, 7, 9], [8, 4, 2, 7, 5], 0.6
52, [8, 4, 7, 1, 9], [8, 1, 4, 3, 2], 0.6
26, [8, 4, 3, 7, 2], [8, 3, 2, 5, 9], 0.6
76, [8, 4, 3, 7, 9], [8, 4, 7, 1, 9], 0.8
43, [8, 4, 7, 1, 9], [8, 4, 1, 9, 2], 0.8
24, [8, 4, 7, 1, 9], [8, 4, 9, 1, 3], 0.8
3, [8, 4, 7, 1, 9], [8, 4, 1, 9, 2], 0.8
182, [8, 4, 3, 2], [7, 8, 4, 2, 9], 0.6
49, [8, 4, 7, 1, 9], [8, 4, 1, 9, 2], 0.8
149, [8, 4, 7, 1], [1, 8, 7, 9, 2], 0.6
131, [8, 4, 7, 1], [8, 7, 4, 6, 2], 0.6
209, [8, 5], [8, 6, 1, 9, 2], 0.2
30, [8, 4, 7, 1, 9], [8, 4, 2, 1, 9], 0.8
121, [8, 4, 3, 7, 9], [], 0.0
175, [8, 4, 3, 2, 7], [7, 3, 8, 2, 6], 0.8
115, [8, 4, 7, 1, 9], [8, 4, 9, 1, 2], 0.8
188, [8, 4, 3, 2], [2, 3, 8, 4, 7], 0.8
8, [8, 4, 7, 1, 9], [8, 4, 9, 6, 2], 0.6
60, [8, 4, 7, 1, 9], [8, 4, 9, 1, 7], 1.0
128, [8, 4, 3, 2, 7], [3, 5, 2, 9, 7], 0.6
1, [8, 4, 7, 1, 9], [8, 7, 9, 3, 6], 0.6
57, [8, 4, 7, 1, 9], [8, 4, 7, 1, 9], 1.0
22, [8, 4, 7, 1, 9], [8, 4, 3, 1, 2], 0.6
61, [8, 5], [8, 4, 2, 1, 5], 0.4
63, [8, 4, 7, 1, 9], [8, 4, 1, 9, 3], 0.8
7, [8, 4, 7, 1, 9], [8, 4, 7, 1, 3], 0.8
210, [8, 5], [8, 5, 6, 9, 2], 0.4
141, [8, 4, 7, 1, 9], [4, 7, 1, 5, 8], 0.8
86, [8, 4, 3, 7, 9], [8, 4, 7, 2, 1], 0.6
96, [8, 4, 7, 1, 9], [8, 4, 2, 7, 3], 0.6
68, [8, 4, 7, 1, 9], [8, 4, 1, 2, 9], 0.8
50, [8, 4, 7, 1, 9], [8, 4, 1, 2, 9], 0.8
142, [8, 4, 3, 7, 9], [], 0.0
157, [8, 4, 7, 1, 9], [8, 4, 1, 6, 5], 0.6
156, [8, 4, 7, 1], [1, 8, 2, 7, 5], 0.6
139, [8, 4, 3, 7, 9], [8, 4, 7, 5, 1], 0.6
146, [8, 4, 7, 1, 9], [8, 4, 9, 6, 1], 0.8
101, [8, 4, 3, 7, 2], [8, 4, 2, 9, 7], 0.8
20, [8, 4, 3, 7, 2], [8, 4, 2, 9, 1], 0.6
178, [8, 4, 3, 7, 2], [8, 2, 4, 6, 3], 0.8
25, [8, 4, 7, 1, 9], [8, 4, 1, 2, 7], 0.8
134, [8, 4, 7, 1, 9], [4, 8, 7, 1, 9], 1.0
71, [8, 4, 7, 1, 9], [8, 9, 7, 2, 4], 0.8
129, [8, 4, 3, 2], [3, 7, 8, 2, 4], 0.8
144, [8, 4, 7, 1], [1, 8, 9, 4, 2], 0.6
192, [8, 5], [8, 1, 2, 5, 7], 0.4
79, [8, 4, 3, 7, 9], [8, 4, 7, 6, 3], 0.8
133, [8, 4, 3, 7, 9], [8, 4, 7, 9, 1], 0.8
203, [8, 5], [8, 1, 2, 9, 6], 0.2
137, [8, 4, 3, 7, 9], [8, 4, 7, 2, 9], 0.8
72, [8, 4, 3, 7, 9], [8, 4, 7, 2, 5], 0.6
140, [8, 4, 3, 7, 9], [8, 4, 7, 1, 2], 0.6
37, [8, 4, 7, 1, 9], [8, 1, 2, 9, 6], 0.6
dataset: glass method: LIME seed: 1 num_sampes: 1000 test size: (54, 9)
109, [8, 4, 7, 1, 2], [7, 6, 1, 8, 3], 0.6
80, [8, 4, 3, 7, 9], [8, 4, 2, 7, 5], 0.6
52, [8, 4, 7, 1, 9], [8, 1, 4, 3, 2], 0.6
26, [8, 4, 3, 7, 2], [8, 3, 2, 5, 9], 0.6
76, [8, 4, 3, 7, 9], [8, 4, 7, 1, 9], 0.8
43, [8, 4, 7, 1, 9], [8, 4, 1, 9, 2], 0.8
24, [8, 4, 7, 1, 9], [8, 4, 9, 1, 3], 0.8
3, [8, 4, 7, 1, 9], [8, 4, 1, 9, 2], 0.8
182, [8, 4, 3, 2], [7, 8, 4, 2, 9], 0.6
49, [8, 4, 7, 1, 9], [8, 4, 1, 9, 2], 0.8
149, [8, 4, 7, 1], [1, 8, 7, 9, 2], 0.6
131, [8, 4, 7, 1], [8, 7, 4, 6, 2], 0.6
209, [8, 5], [8, 6, 1, 9, 2], 0.2
30, [8, 4, 7, 1, 9], [8, 4, 2, 1, 9], 0.8
121, [8, 4, 3, 7, 9], [], 0.0
175, [8, 4, 3, 2, 7], [7, 3, 8, 2, 6], 0.8
115, [8, 4, 7, 1, 9], [8, 4, 9, 1, 2], 0.8
188, [8, 4, 3, 2], [2, 3, 8, 4, 7], 0.8
8, [8, 4, 7, 1, 9], [8, 4, 9, 6, 2], 0.6
60, [8, 4, 7, 1, 9], [8, 4, 9, 1, 7], 1.0
128, [8, 4, 3, 2, 7], [3, 5, 2, 9, 7], 0.6
1, [8, 4, 7, 1, 9], [8, 7, 9, 3, 6], 0.6
57, [8, 4, 7, 1, 9], [8, 4, 7, 1, 9], 1.0
22, [8, 4, 7, 1, 9], [8, 4, 3, 1, 2], 0.6
61, [8, 5], [8, 4, 2, 1, 5], 0.4
63, [8, 4, 7, 1, 9], [8, 4, 1, 9, 3], 0.8
7, [8, 4, 7, 1, 9], [8, 4, 7, 1, 3], 0.8
210, [8, 5], [8, 5, 6, 9, 2], 0.4
141, [8, 4, 7, 1, 9], [4, 7, 1, 5, 8], 0.8
86, [8, 4, 3, 7, 9], [8, 4, 7, 2, 1], 0.6
96, [8, 4, 7, 1, 9], [8, 4, 2, 7, 3], 0.6
68, [8, 4, 7, 1, 9], [8, 4, 1, 2, 9], 0.8
50, [8, 4, 7, 1, 9], [8, 4, 1, 2, 9], 0.8
142, [8, 4, 3, 7, 9], [], 0.0
157, [8, 4, 7, 1, 9], [8, 4, 1, 6, 5], 0.6
156, [8, 4, 7, 1], [1, 8, 2, 7, 5], 0.6
139, [8, 4, 3, 7, 9], [8, 4, 7, 5, 1], 0.6
146, [8, 4, 7, 1, 9], [8, 4, 9, 6, 1], 0.8
101, [8, 4, 3, 7, 2], [8, 4, 2, 9, 7], 0.8
20, [8, 4, 3, 7, 2], [8, 4, 2, 9, 1], 0.6
178, [8, 4, 3, 7, 2], [8, 2, 4, 6, 3], 0.8
25, [8, 4, 7, 1, 9], [8, 4, 1, 2, 7], 0.8
134, [8, 4, 7, 1, 9], [4, 8, 7, 1, 9], 1.0
71, [8, 4, 7, 1, 9], [8, 9, 7, 2, 4], 0.8
129, [8, 4, 3, 2], [3, 7, 8, 2, 4], 0.8
144, [8, 4, 7, 1], [1, 8, 9, 4, 2], 0.6
192, [8, 5], [8, 1, 2, 5, 7], 0.4
79, [8, 4, 3, 7, 9], [8, 4, 7, 6, 3], 0.8
133, [8, 4, 3, 7, 9], [8, 4, 7, 9, 1], 0.8
203, [8, 5], [8, 1, 2, 9, 6], 0.2
137, [8, 4, 3, 7, 9], [8, 4, 7, 2, 9], 0.8
72, [8, 4, 3, 7, 9], [8, 4, 7, 2, 5], 0.6
140, [8, 4, 3, 7, 9], [8, 4, 7, 1, 2], 0.6
37, [8, 4, 7, 1, 9], [8, 1, 2, 9, 6], 0.6
dataset: glass method: XLIME seed: 1 num_sampes: 1000 test size: (54, 9)
EXCEPTIONname 'pathos' is not defined
dataset: glass method: XLIME seed: 1 num_sampes: 1000 test size: (54, 9)
EXCEPTIONname 'pathos' is not defined
dataset: glass method: XLIME seed: 1 num_sampes: 1000 test size: (54, 9)
EXCEPTION('incorrect explanation method provided to evaluate_explanations:', 'XLIME')
dataset: glass method: XLIME seed: 1 num_sampes: 1000 test size: (54, 9)
EXCEPTION('incorrect explanation method provided to evaluate_explanations:', 'XLIME')
dataset: glass method: BARBE seed: 1 num_sampes: 1000 test size: (54, 9)
EXCEPTION'NoneType' object has no attribute 'fit'
dataset: glass method: BARBE seed: 1 num_sampes: 1000 test size: (54, 9)
EXCEPTION'NoneType' object has no attribute 'fit'
dataset: glass method: BARBE seed: 1 num_sampes: 1000 test size: (54, 9)
EXCEPTION'NoneType' object has no attribute 'fit'
dataset: glass method: BARBE seed: 1 num_sampes: 1000 test size: (54, 9)
EXCEPTION'NoneType' object has no attribute 'fit'
dataset: glass method: LIME seed: 1 num_sampes: 1000 test size: (54, 9)
109, [8, 4, 7, 1, 2], [7, 6, 1, 8, 3], 0.6
80, [8, 4, 3, 7, 9], [8, 4, 2, 7, 5], 0.6
52, [8, 4, 7, 1, 9], [8, 1, 4, 3, 2], 0.6
26, [8, 4, 3, 7, 2], [8, 3, 2, 5, 9], 0.6
76, [8, 4, 3, 7, 9], [8, 4, 7, 1, 9], 0.8
43, [8, 4, 7, 1, 9], [8, 4, 1, 9, 2], 0.8
24, [8, 4, 7, 1, 9], [8, 4, 9, 1, 3], 0.8
3, [8, 4, 7, 1, 9], [8, 4, 1, 9, 2], 0.8
182, [8, 4, 3, 2], [7, 8, 4, 2, 9], 0.6
49, [8, 4, 7, 1, 9], [8, 4, 1, 9, 2], 0.8
149, [8, 4, 7, 1], [1, 8, 7, 9, 2], 0.6
131, [8, 4, 7, 1], [8, 7, 4, 6, 2], 0.6
209, [8, 5], [8, 6, 1, 9, 2], 0.2
30, [8, 4, 7, 1, 9], [8, 4, 2, 1, 9], 0.8
121, [8, 4, 3, 7, 9], [], 0.0
175, [8, 4, 3, 2, 7], [7, 3, 8, 2, 6], 0.8
115, [8, 4, 7, 1, 9], [8, 4, 9, 1, 2], 0.8
188, [8, 4, 3, 2], [2, 3, 8, 4, 7], 0.8
8, [8, 4, 7, 1, 9], [8, 4, 9, 6, 2], 0.6
60, [8, 4, 7, 1, 9], [8, 4, 9, 1, 7], 1.0
128, [8, 4, 3, 2, 7], [3, 5, 2, 9, 7], 0.6
1, [8, 4, 7, 1, 9], [8, 7, 9, 3, 6], 0.6
57, [8, 4, 7, 1, 9], [8, 4, 7, 1, 9], 1.0
22, [8, 4, 7, 1, 9], [8, 4, 3, 1, 2], 0.6
61, [8, 5], [8, 4, 2, 1, 5], 0.4
63, [8, 4, 7, 1, 9], [8, 4, 1, 9, 3], 0.8
7, [8, 4, 7, 1, 9], [8, 4, 7, 1, 3], 0.8
210, [8, 5], [8, 5, 6, 9, 2], 0.4
141, [8, 4, 7, 1, 9], [4, 7, 1, 5, 8], 0.8
86, [8, 4, 3, 7, 9], [8, 4, 7, 2, 1], 0.6
96, [8, 4, 7, 1, 9], [8, 4, 2, 7, 3], 0.6
68, [8, 4, 7, 1, 9], [8, 4, 1, 2, 9], 0.8
50, [8, 4, 7, 1, 9], [8, 4, 1, 2, 9], 0.8
142, [8, 4, 3, 7, 9], [], 0.0
157, [8, 4, 7, 1, 9], [8, 4, 1, 6, 5], 0.6
156, [8, 4, 7, 1], [1, 8, 2, 7, 5], 0.6
139, [8, 4, 3, 7, 9], [8, 4, 7, 5, 1], 0.6
146, [8, 4, 7, 1, 9], [8, 4, 9, 6, 1], 0.8
101, [8, 4, 3, 7, 2], [8, 4, 2, 9, 7], 0.8
20, [8, 4, 3, 7, 2], [8, 4, 2, 9, 1], 0.6
178, [8, 4, 3, 7, 2], [8, 2, 4, 6, 3], 0.8
25, [8, 4, 7, 1, 9], [8, 4, 1, 2, 7], 0.8
134, [8, 4, 7, 1, 9], [4, 8, 7, 1, 9], 1.0
71, [8, 4, 7, 1, 9], [8, 9, 7, 2, 4], 0.8
129, [8, 4, 3, 2], [3, 7, 8, 2, 4], 0.8
144, [8, 4, 7, 1], [1, 8, 9, 4, 2], 0.6
192, [8, 5], [8, 1, 2, 5, 7], 0.4
79, [8, 4, 3, 7, 9], [8, 4, 7, 6, 3], 0.8
133, [8, 4, 3, 7, 9], [8, 4, 7, 9, 1], 0.8
203, [8, 5], [8, 1, 2, 9, 6], 0.2
137, [8, 4, 3, 7, 9], [8, 4, 7, 2, 9], 0.8
72, [8, 4, 3, 7, 9], [8, 4, 7, 2, 5], 0.6
140, [8, 4, 3, 7, 9], [8, 4, 7, 1, 2], 0.6
37, [8, 4, 7, 1, 9], [8, 1, 2, 9, 6], 0.6
dataset: glass method: BARBE seed: 1 num_sampes: 1000 test size: (54, 9)
EXCEPTION'NoneType' object has no attribute 'fit'
dataset: glass method: BARBE seed: 1 num_sampes: 1000 test size: (54, 9)
EXCEPTION'NoneType' object has no attribute 'fit'
dataset: glass method: BARBE seed: 1 num_sampes: 1000 test size: (54, 9)
EXCEPTION'NoneType' object has no attribute 'fit'
dataset: glass method: LIME seed: 1 num_sampes: 1000 test size: (54, 9)
EXCEPTION('Incorrect method selected', 'LIME')
dataset: glass method: LIME seed: 1 num_sampes: 1000 test size: (54, 9)
109, [8, 4, 7, 1, 2], [7, 6, 1, 8, 3], 0.6
80, [8, 4, 3, 7, 9], [8, 4, 2, 7, 5], 0.6
52, [8, 4, 7, 1, 9], [8, 1, 4, 3, 2], 0.6
26, [8, 4, 3, 7, 2], [8, 3, 2, 5, 9], 0.6
76, [8, 4, 3, 7, 9], [8, 4, 7, 1, 9], 0.8
43, [8, 4, 7, 1, 9], [8, 4, 1, 9, 2], 0.8
24, [8, 4, 7, 1, 9], [8, 4, 9, 1, 3], 0.8
3, [8, 4, 7, 1, 9], [8, 4, 1, 9, 2], 0.8
182, [8, 4, 3, 2], [7, 8, 4, 2, 9], 0.6
49, [8, 4, 7, 1, 9], [8, 4, 1, 9, 2], 0.8
149, [8, 4, 7, 1], [1, 8, 7, 9, 2], 0.6
131, [8, 4, 7, 1], [8, 7, 4, 6, 2], 0.6
209, [8, 5], [8, 6, 1, 9, 2], 0.2
30, [8, 4, 7, 1, 9], [8, 4, 2, 1, 9], 0.8
121, [8, 4, 3, 7, 9], [], 0.0
175, [8, 4, 3, 2, 7], [7, 3, 8, 2, 6], 0.8
115, [8, 4, 7, 1, 9], [8, 4, 9, 1, 2], 0.8
188, [8, 4, 3, 2], [2, 3, 8, 4, 7], 0.8
8, [8, 4, 7, 1, 9], [8, 4, 9, 6, 2], 0.6
60, [8, 4, 7, 1, 9], [8, 4, 9, 1, 7], 1.0
128, [8, 4, 3, 2, 7], [3, 5, 2, 9, 7], 0.6
1, [8, 4, 7, 1, 9], [8, 7, 9, 3, 6], 0.6
57, [8, 4, 7, 1, 9], [8, 4, 7, 1, 9], 1.0
22, [8, 4, 7, 1, 9], [8, 4, 3, 1, 2], 0.6
61, [8, 5], [8, 4, 2, 1, 5], 0.4
63, [8, 4, 7, 1, 9], [8, 4, 1, 9, 3], 0.8
7, [8, 4, 7, 1, 9], [8, 4, 7, 1, 3], 0.8
210, [8, 5], [8, 5, 6, 9, 2], 0.4
141, [8, 4, 7, 1, 9], [4, 7, 1, 5, 8], 0.8
86, [8, 4, 3, 7, 9], [8, 4, 7, 2, 1], 0.6
96, [8, 4, 7, 1, 9], [8, 4, 2, 7, 3], 0.6
68, [8, 4, 7, 1, 9], [8, 4, 1, 2, 9], 0.8
50, [8, 4, 7, 1, 9], [8, 4, 1, 2, 9], 0.8
142, [8, 4, 3, 7, 9], [], 0.0
157, [8, 4, 7, 1, 9], [8, 4, 1, 6, 5], 0.6
156, [8, 4, 7, 1], [1, 8, 2, 7, 5], 0.6
139, [8, 4, 3, 7, 9], [8, 4, 7, 5, 1], 0.6
146, [8, 4, 7, 1, 9], [8, 4, 9, 6, 1], 0.8
101, [8, 4, 3, 7, 2], [8, 4, 2, 9, 7], 0.8
20, [8, 4, 3, 7, 2], [8, 4, 2, 9, 1], 0.6
178, [8, 4, 3, 7, 2], [8, 2, 4, 6, 3], 0.8
25, [8, 4, 7, 1, 9], [8, 4, 1, 2, 7], 0.8
134, [8, 4, 7, 1, 9], [4, 8, 7, 1, 9], 1.0
71, [8, 4, 7, 1, 9], [8, 9, 7, 2, 4], 0.8
129, [8, 4, 3, 2], [3, 7, 8, 2, 4], 0.8
144, [8, 4, 7, 1], [1, 8, 9, 4, 2], 0.6
192, [8, 5], [8, 1, 2, 5, 7], 0.4
79, [8, 4, 3, 7, 9], [8, 4, 7, 6, 3], 0.8
133, [8, 4, 3, 7, 9], [8, 4, 7, 9, 1], 0.8
203, [8, 5], [8, 1, 2, 9, 6], 0.2
137, [8, 4, 3, 7, 9], [8, 4, 7, 2, 9], 0.8
72, [8, 4, 3, 7, 9], [8, 4, 7, 2, 5], 0.6
140, [8, 4, 3, 7, 9], [8, 4, 7, 1, 2], 0.6
37, [8, 4, 7, 1, 9], [8, 1, 2, 9, 6], 0.6
dataset: glass method: BARBE seed: 1 num_sampes: 1000 test size: (54, 9)
EXCEPTION'NoneType' object has no attribute 'fit'
dataset: glass method: LIME seed: 1 num_sampes: 1000 test size: (54, 9)
109, [8, 4, 7, 1, 2], [7, 6, 1, 8, 3], 0.6
80, [8, 4, 3, 7, 9], [8, 4, 2, 7, 5], 0.6
52, [8, 4, 7, 1, 9], [8, 1, 4, 3, 2], 0.6
26, [8, 4, 3, 7, 2], [8, 3, 2, 5, 9], 0.6
76, [8, 4, 3, 7, 9], [8, 4, 7, 1, 9], 0.8
43, [8, 4, 7, 1, 9], [8, 4, 1, 9, 2], 0.8
24, [8, 4, 7, 1, 9], [8, 4, 9, 1, 3], 0.8
3, [8, 4, 7, 1, 9], [8, 4, 1, 9, 2], 0.8
182, [8, 4, 3, 2], [7, 8, 4, 2, 9], 0.6
49, [8, 4, 7, 1, 9], [8, 4, 1, 9, 2], 0.8
149, [8, 4, 7, 1], [1, 8, 7, 9, 2], 0.6
131, [8, 4, 7, 1], [8, 7, 4, 6, 2], 0.6
209, [8, 5], [8, 6, 1, 9, 2], 0.2
30, [8, 4, 7, 1, 9], [8, 4, 2, 1, 9], 0.8
121, [8, 4, 3, 7, 9], [], 0.0
175, [8, 4, 3, 2, 7], [7, 3, 8, 2, 6], 0.8
115, [8, 4, 7, 1, 9], [8, 4, 9, 1, 2], 0.8
188, [8, 4, 3, 2], [2, 3, 8, 4, 7], 0.8
8, [8, 4, 7, 1, 9], [8, 4, 9, 6, 2], 0.6
60, [8, 4, 7, 1, 9], [8, 4, 9, 1, 7], 1.0
128, [8, 4, 3, 2, 7], [3, 5, 2, 9, 7], 0.6
1, [8, 4, 7, 1, 9], [8, 7, 9, 3, 6], 0.6
57, [8, 4, 7, 1, 9], [8, 4, 7, 1, 9], 1.0
22, [8, 4, 7, 1, 9], [8, 4, 3, 1, 2], 0.6
61, [8, 5], [8, 4, 2, 1, 5], 0.4
63, [8, 4, 7, 1, 9], [8, 4, 1, 9, 3], 0.8
7, [8, 4, 7, 1, 9], [8, 4, 7, 1, 3], 0.8
210, [8, 5], [8, 5, 6, 9, 2], 0.4
141, [8, 4, 7, 1, 9], [4, 7, 1, 5, 8], 0.8
86, [8, 4, 3, 7, 9], [8, 4, 7, 2, 1], 0.6
96, [8, 4, 7, 1, 9], [8, 4, 2, 7, 3], 0.6
68, [8, 4, 7, 1, 9], [8, 4, 1, 2, 9], 0.8
50, [8, 4, 7, 1, 9], [8, 4, 1, 2, 9], 0.8
142, [8, 4, 3, 7, 9], [], 0.0
157, [8, 4, 7, 1, 9], [8, 4, 1, 6, 5], 0.6
156, [8, 4, 7, 1], [1, 8, 2, 7, 5], 0.6
139, [8, 4, 3, 7, 9], [8, 4, 7, 5, 1], 0.6
146, [8, 4, 7, 1, 9], [8, 4, 9, 6, 1], 0.8
101, [8, 4, 3, 7, 2], [8, 4, 2, 9, 7], 0.8
20, [8, 4, 3, 7, 2], [8, 4, 2, 9, 1], 0.6
178, [8, 4, 3, 7, 2], [8, 2, 4, 6, 3], 0.8
25, [8, 4, 7, 1, 9], [8, 4, 1, 2, 7], 0.8
134, [8, 4, 7, 1, 9], [4, 8, 7, 1, 9], 1.0
71, [8, 4, 7, 1, 9], [8, 9, 7, 2, 4], 0.8
129, [8, 4, 3, 2], [3, 7, 8, 2, 4], 0.8
144, [8, 4, 7, 1], [1, 8, 9, 4, 2], 0.6
192, [8, 5], [8, 1, 2, 5, 7], 0.4
79, [8, 4, 3, 7, 9], [8, 4, 7, 6, 3], 0.8
133, [8, 4, 3, 7, 9], [8, 4, 7, 9, 1], 0.8
203, [8, 5], [8, 1, 2, 9, 6], 0.2
137, [8, 4, 3, 7, 9], [8, 4, 7, 2, 9], 0.8
72, [8, 4, 3, 7, 9], [8, 4, 7, 2, 5], 0.6
140, [8, 4, 3, 7, 9], [8, 4, 7, 1, 2], 0.6
37, [8, 4, 7, 1, 9], [8, 1, 2, 9, 6], 0.6
dataset: glass method: BARBE seed: 1 num_sampes: 1000 test size: (54, 9)
EXCEPTION'NoneType' object has no attribute 'fit'
dataset: glass method: LIME seed: 1 num_sampes: 1000 test size: (54, 9)
109, [8, 4, 7, 1, 2], [7, 6, 1, 8, 3], 0.6
80, [8, 4, 3, 7, 9], [8, 4, 2, 7, 5], 0.6
52, [8, 4, 7, 1, 9], [8, 1, 4, 3, 2], 0.6
26, [8, 4, 3, 7, 2], [8, 3, 2, 5, 9], 0.6
76, [8, 4, 3, 7, 9], [8, 4, 7, 1, 9], 0.8
43, [8, 4, 7, 1, 9], [8, 4, 1, 9, 2], 0.8
24, [8, 4, 7, 1, 9], [8, 4, 9, 1, 3], 0.8
3, [8, 4, 7, 1, 9], [8, 4, 1, 9, 2], 0.8
182, [8, 4, 3, 2], [7, 8, 4, 2, 9], 0.6
49, [8, 4, 7, 1, 9], [8, 4, 1, 9, 2], 0.8
149, [8, 4, 7, 1], [1, 8, 7, 9, 2], 0.6
131, [8, 4, 7, 1], [8, 7, 4, 6, 2], 0.6
209, [8, 5], [8, 6, 1, 9, 2], 0.2
30, [8, 4, 7, 1, 9], [8, 4, 2, 1, 9], 0.8
121, [8, 4, 3, 7, 9], [], 0.0
175, [8, 4, 3, 2, 7], [7, 3, 8, 2, 6], 0.8
115, [8, 4, 7, 1, 9], [8, 4, 9, 1, 2], 0.8
188, [8, 4, 3, 2], [2, 3, 8, 4, 7], 0.8
8, [8, 4, 7, 1, 9], [8, 4, 9, 6, 2], 0.6
60, [8, 4, 7, 1, 9], [8, 4, 9, 1, 7], 1.0
128, [8, 4, 3, 2, 7], [3, 5, 2, 9, 7], 0.6
1, [8, 4, 7, 1, 9], [8, 7, 9, 3, 6], 0.6
57, [8, 4, 7, 1, 9], [8, 4, 7, 1, 9], 1.0
22, [8, 4, 7, 1, 9], [8, 4, 3, 1, 2], 0.6
61, [8, 5], [8, 4, 2, 1, 5], 0.4
63, [8, 4, 7, 1, 9], [8, 4, 1, 9, 3], 0.8
7, [8, 4, 7, 1, 9], [8, 4, 7, 1, 3], 0.8
210, [8, 5], [8, 5, 6, 9, 2], 0.4
141, [8, 4, 7, 1, 9], [4, 7, 1, 5, 8], 0.8
86, [8, 4, 3, 7, 9], [8, 4, 7, 2, 1], 0.6
96, [8, 4, 7, 1, 9], [8, 4, 2, 7, 3], 0.6
68, [8, 4, 7, 1, 9], [8, 4, 1, 2, 9], 0.8
50, [8, 4, 7, 1, 9], [8, 4, 1, 2, 9], 0.8
142, [8, 4, 3, 7, 9], [], 0.0
157, [8, 4, 7, 1, 9], [8, 4, 1, 6, 5], 0.6
156, [8, 4, 7, 1], [1, 8, 2, 7, 5], 0.6
139, [8, 4, 3, 7, 9], [8, 4, 7, 5, 1], 0.6
146, [8, 4, 7, 1, 9], [8, 4, 9, 6, 1], 0.8
101, [8, 4, 3, 7, 2], [8, 4, 2, 9, 7], 0.8
20, [8, 4, 3, 7, 2], [8, 4, 2, 9, 1], 0.6
178, [8, 4, 3, 7, 2], [8, 2, 4, 6, 3], 0.8
25, [8, 4, 7, 1, 9], [8, 4, 1, 2, 7], 0.8
134, [8, 4, 7, 1, 9], [4, 8, 7, 1, 9], 1.0
71, [8, 4, 7, 1, 9], [8, 9, 7, 2, 4], 0.8
129, [8, 4, 3, 2], [3, 7, 8, 2, 4], 0.8
144, [8, 4, 7, 1], [1, 8, 9, 4, 2], 0.6
192, [8, 5], [8, 1, 2, 5, 7], 0.4
79, [8, 4, 3, 7, 9], [8, 4, 7, 6, 3], 0.8
133, [8, 4, 3, 7, 9], [8, 4, 7, 9, 1], 0.8
203, [8, 5], [8, 1, 2, 9, 6], 0.2
137, [8, 4, 3, 7, 9], [8, 4, 7, 2, 9], 0.8
72, [8, 4, 3, 7, 9], [8, 4, 7, 2, 5], 0.6
140, [8, 4, 3, 7, 9], [8, 4, 7, 1, 2], 0.6
37, [8, 4, 7, 1, 9], [8, 1, 2, 9, 6], 0.6
dataset: glass method: LIME seed: 1 num_sampes: 1000 test size: (54, 9)
109, [8, 4, 7, 1, 2], [7, 6, 1, 8, 3], 0.6
80, [8, 4, 3, 7, 9], [8, 4, 2, 7, 5], 0.6
52, [8, 4, 7, 1, 9], [8, 1, 4, 3, 2], 0.6
26, [8, 4, 3, 7, 2], [8, 3, 2, 5, 9], 0.6
76, [8, 4, 3, 7, 9], [8, 4, 7, 1, 9], 0.8
43, [8, 4, 7, 1, 9], [8, 4, 1, 9, 2], 0.8
24, [8, 4, 7, 1, 9], [8, 4, 9, 1, 3], 0.8
3, [8, 4, 7, 1, 9], [8, 4, 1, 9, 2], 0.8
182, [8, 4, 3, 2], [7, 8, 4, 2, 9], 0.6
49, [8, 4, 7, 1, 9], [8, 4, 1, 9, 2], 0.8
149, [8, 4, 7, 1], [1, 8, 7, 9, 2], 0.6
131, [8, 4, 7, 1], [8, 7, 4, 6, 2], 0.6
209, [8, 5], [8, 6, 1, 9, 2], 0.2
30, [8, 4, 7, 1, 9], [8, 4, 2, 1, 9], 0.8
121, [8, 4, 3, 7, 9], [], 0.0
175, [8, 4, 3, 2, 7], [7, 3, 8, 2, 6], 0.8
115, [8, 4, 7, 1, 9], [8, 4, 9, 1, 2], 0.8
188, [8, 4, 3, 2], [2, 3, 8, 4, 7], 0.8
8, [8, 4, 7, 1, 9], [8, 4, 9, 6, 2], 0.6
60, [8, 4, 7, 1, 9], [8, 4, 9, 1, 7], 1.0
128, [8, 4, 3, 2, 7], [3, 5, 2, 9, 7], 0.6
1, [8, 4, 7, 1, 9], [8, 7, 9, 3, 6], 0.6
57, [8, 4, 7, 1, 9], [8, 4, 7, 1, 9], 1.0
22, [8, 4, 7, 1, 9], [8, 4, 3, 1, 2], 0.6
61, [8, 5], [8, 4, 2, 1, 5], 0.4
63, [8, 4, 7, 1, 9], [8, 4, 1, 9, 3], 0.8
7, [8, 4, 7, 1, 9], [8, 4, 7, 1, 3], 0.8
210, [8, 5], [8, 5, 6, 9, 2], 0.4
141, [8, 4, 7, 1, 9], [4, 7, 1, 5, 8], 0.8
86, [8, 4, 3, 7, 9], [8, 4, 7, 2, 1], 0.6
96, [8, 4, 7, 1, 9], [8, 4, 2, 7, 3], 0.6
68, [8, 4, 7, 1, 9], [8, 4, 1, 2, 9], 0.8
50, [8, 4, 7, 1, 9], [8, 4, 1, 2, 9], 0.8
142, [8, 4, 3, 7, 9], [], 0.0
157, [8, 4, 7, 1, 9], [8, 4, 1, 6, 5], 0.6
156, [8, 4, 7, 1], [1, 8, 2, 7, 5], 0.6
139, [8, 4, 3, 7, 9], [8, 4, 7, 5, 1], 0.6
146, [8, 4, 7, 1, 9], [8, 4, 9, 6, 1], 0.8
101, [8, 4, 3, 7, 2], [8, 4, 2, 9, 7], 0.8
20, [8, 4, 3, 7, 2], [8, 4, 2, 9, 1], 0.6
178, [8, 4, 3, 7, 2], [8, 2, 4, 6, 3], 0.8
25, [8, 4, 7, 1, 9], [8, 4, 1, 2, 7], 0.8
134, [8, 4, 7, 1, 9], [4, 8, 7, 1, 9], 1.0
71, [8, 4, 7, 1, 9], [8, 9, 7, 2, 4], 0.8
129, [8, 4, 3, 2], [3, 7, 8, 2, 4], 0.8
144, [8, 4, 7, 1], [1, 8, 9, 4, 2], 0.6
192, [8, 5], [8, 1, 2, 5, 7], 0.4
79, [8, 4, 3, 7, 9], [8, 4, 7, 6, 3], 0.8
133, [8, 4, 3, 7, 9], [8, 4, 7, 9, 1], 0.8
203, [8, 5], [8, 1, 2, 9, 6], 0.2
137, [8, 4, 3, 7, 9], [8, 4, 7, 2, 9], 0.8
72, [8, 4, 3, 7, 9], [8, 4, 7, 2, 5], 0.6
140, [8, 4, 3, 7, 9], [8, 4, 7, 1, 2], 0.6
37, [8, 4, 7, 1, 9], [8, 1, 2, 9, 6], 0.6
dataset: glass method: BARBE seed: 1 num_sampes: 1000 test size: (54, 9)
EXCEPTION'NoneType' object has no attribute 'fit'
dataset: glass method: BARBE seed: 1 num_sampes: 1000 test size: (54, 9)
109, [8, 4, 7, 1, 2], [7, 6, 1, 8, 3], 0.6
80, [8, 4, 3, 7, 9], [8, 4, 2, 7, 5], 0.6
52, [8, 4, 7, 1, 9], [8, 1, 4, 3, 2], 0.6
26, [8, 4, 3, 7, 2], [8, 3, 2, 5, 9], 0.6
76, [8, 4, 3, 7, 9], [8, 4, 7, 1, 9], 0.8
43, [8, 4, 7, 1, 9], [8, 4, 1, 9, 2], 0.8
24, [8, 4, 7, 1, 9], [8, 4, 9, 1, 3], 0.8
3, [8, 4, 7, 1, 9], [8, 4, 1, 9, 2], 0.8
182, [8, 4, 3, 2], [7, 8, 4, 2, 9], 0.6
49, [8, 4, 7, 1, 9], [8, 4, 1, 9, 2], 0.8
149, [8, 4, 7, 1], [1, 8, 7, 9, 2], 0.6
131, [8, 4, 7, 1], [8, 7, 4, 6, 2], 0.6
209, [8, 5], [8, 6, 1, 9, 2], 0.2
30, [8, 4, 7, 1, 9], [8, 4, 2, 1, 9], 0.8
121, [8, 4, 3, 7, 9], [], 0.0
175, [8, 4, 3, 2, 7], [7, 3, 8, 2, 6], 0.8
115, [8, 4, 7, 1, 9], [8, 4, 9, 1, 2], 0.8
188, [8, 4, 3, 2], [2, 3, 8, 4, 7], 0.8
8, [8, 4, 7, 1, 9], [8, 4, 9, 6, 2], 0.6
60, [8, 4, 7, 1, 9], [8, 4, 9, 1, 7], 1.0
128, [8, 4, 3, 2, 7], [3, 5, 2, 9, 7], 0.6
1, [8, 4, 7, 1, 9], [8, 7, 9, 3, 6], 0.6
57, [8, 4, 7, 1, 9], [8, 4, 7, 1, 9], 1.0
22, [8, 4, 7, 1, 9], [8, 4, 3, 1, 2], 0.6
61, [8, 5], [8, 4, 2, 1, 5], 0.4
63, [8, 4, 7, 1, 9], [8, 4, 1, 9, 3], 0.8
7, [8, 4, 7, 1, 9], [8, 4, 7, 1, 3], 0.8
210, [8, 5], [8, 5, 6, 9, 2], 0.4
141, [8, 4, 7, 1, 9], [4, 7, 1, 5, 8], 0.8
86, [8, 4, 3, 7, 9], [8, 4, 7, 2, 1], 0.6
96, [8, 4, 7, 1, 9], [8, 4, 2, 7, 3], 0.6
68, [8, 4, 7, 1, 9], [8, 4, 1, 2, 9], 0.8
50, [8, 4, 7, 1, 9], [8, 4, 1, 2, 9], 0.8
142, [8, 4, 3, 7, 9], [], 0.0
157, [8, 4, 7, 1, 9], [8, 4, 1, 6, 5], 0.6
156, [8, 4, 7, 1], [1, 8, 2, 7, 5], 0.6
139, [8, 4, 3, 7, 9], [8, 4, 7, 5, 1], 0.6
146, [8, 4, 7, 1, 9], [8, 4, 9, 6, 1], 0.8
101, [8, 4, 3, 7, 2], [8, 4, 2, 9, 7], 0.8
20, [8, 4, 3, 7, 2], [8, 4, 2, 9, 1], 0.6
178, [8, 4, 3, 7, 2], [8, 2, 4, 6, 3], 0.8
25, [8, 4, 7, 1, 9], [8, 4, 1, 2, 7], 0.8
134, [8, 4, 7, 1, 9], [4, 8, 7, 1, 9], 1.0
71, [8, 4, 7, 1, 9], [8, 9, 7, 2, 4], 0.8
129, [8, 4, 3, 2], [3, 7, 8, 2, 4], 0.8
144, [8, 4, 7, 1], [1, 8, 9, 4, 2], 0.6
192, [8, 5], [8, 1, 2, 5, 7], 0.4
79, [8, 4, 3, 7, 9], [8, 4, 7, 6, 3], 0.8
133, [8, 4, 3, 7, 9], [8, 4, 7, 9, 1], 0.8
203, [8, 5], [8, 1, 2, 9, 6], 0.2
137, [8, 4, 3, 7, 9], [8, 4, 7, 2, 9], 0.8
72, [8, 4, 3, 7, 9], [8, 4, 7, 2, 5], 0.6
140, [8, 4, 3, 7, 9], [8, 4, 7, 1, 2], 0.6
37, [8, 4, 7, 1, 9], [8, 1, 2, 9, 6], 0.6
dataset: glass method: BARBE seed: 1 num_sampes: 1000 test size: (54, 9)
109, [8, 4, 7, 1, 2], [7, 6, 1, 8, 3], 0.6
80, [8, 4, 3, 7, 9], [8, 4, 2, 7, 5], 0.6
52, [8, 4, 7, 1, 9], [8, 1, 4, 3, 2], 0.6
26, [8, 4, 3, 7, 2], [8, 3, 2, 5, 9], 0.6
76, [8, 4, 3, 7, 9], [8, 4, 7, 1, 9], 0.8
43, [8, 4, 7, 1, 9], [8, 4, 1, 9, 2], 0.8
24, [8, 4, 7, 1, 9], [8, 4, 9, 1, 3], 0.8
3, [8, 4, 7, 1, 9], [8, 4, 1, 9, 2], 0.8
182, [8, 4, 3, 2], [7, 8, 4, 2, 9], 0.6
49, [8, 4, 7, 1, 9], [8, 4, 1, 9, 2], 0.8
149, [8, 4, 7, 1], [1, 8, 7, 9, 2], 0.6
131, [8, 4, 7, 1], [8, 7, 4, 6, 2], 0.6
209, [8, 5], [8, 6, 1, 9, 2], 0.2
30, [8, 4, 7, 1, 9], [8, 4, 2, 1, 9], 0.8
121, [8, 4, 3, 7, 9], [], 0.0
175, [8, 4, 3, 2, 7], [7, 3, 8, 2, 6], 0.8
115, [8, 4, 7, 1, 9], [8, 4, 9, 1, 2], 0.8
188, [8, 4, 3, 2], [2, 3, 8, 4, 7], 0.8
8, [8, 4, 7, 1, 9], [8, 4, 9, 6, 2], 0.6
60, [8, 4, 7, 1, 9], [8, 4, 9, 1, 7], 1.0
128, [8, 4, 3, 2, 7], [3, 5, 2, 9, 7], 0.6
1, [8, 4, 7, 1, 9], [8, 7, 9, 3, 6], 0.6
57, [8, 4, 7, 1, 9], [8, 4, 7, 1, 9], 1.0
22, [8, 4, 7, 1, 9], [8, 4, 3, 1, 2], 0.6
61, [8, 5], [8, 4, 2, 1, 5], 0.4
63, [8, 4, 7, 1, 9], [8, 4, 1, 9, 3], 0.8
7, [8, 4, 7, 1, 9], [8, 4, 7, 1, 3], 0.8
210, [8, 5], [8, 5, 6, 9, 2], 0.4
141, [8, 4, 7, 1, 9], [4, 7, 1, 5, 8], 0.8
86, [8, 4, 3, 7, 9], [8, 4, 7, 2, 1], 0.6
96, [8, 4, 7, 1, 9], [8, 4, 2, 7, 3], 0.6
68, [8, 4, 7, 1, 9], [8, 4, 1, 2, 9], 0.8
50, [8, 4, 7, 1, 9], [8, 4, 1, 2, 9], 0.8
142, [8, 4, 3, 7, 9], [], 0.0
157, [8, 4, 7, 1, 9], [8, 4, 1, 6, 5], 0.6
156, [8, 4, 7, 1], [1, 8, 2, 7, 5], 0.6
139, [8, 4, 3, 7, 9], [8, 4, 7, 5, 1], 0.6
146, [8, 4, 7, 1, 9], [8, 4, 9, 6, 1], 0.8
101, [8, 4, 3, 7, 2], [8, 4, 2, 9, 7], 0.8
20, [8, 4, 3, 7, 2], [8, 4, 2, 9, 1], 0.6
178, [8, 4, 3, 7, 2], [8, 2, 4, 6, 3], 0.8
25, [8, 4, 7, 1, 9], [8, 4, 1, 2, 7], 0.8
134, [8, 4, 7, 1, 9], [4, 8, 7, 1, 9], 1.0
71, [8, 4, 7, 1, 9], [8, 9, 7, 2, 4], 0.8
129, [8, 4, 3, 2], [3, 7, 8, 2, 4], 0.8
144, [8, 4, 7, 1], [1, 8, 9, 4, 2], 0.6
192, [8, 5], [8, 1, 2, 5, 7], 0.4
79, [8, 4, 3, 7, 9], [8, 4, 7, 6, 3], 0.8
133, [8, 4, 3, 7, 9], [8, 4, 7, 9, 1], 0.8
203, [8, 5], [8, 1, 2, 9, 6], 0.2
137, [8, 4, 3, 7, 9], [8, 4, 7, 2, 9], 0.8
72, [8, 4, 3, 7, 9], [8, 4, 7, 2, 5], 0.6
140, [8, 4, 3, 7, 9], [8, 4, 7, 1, 2], 0.6
37, [8, 4, 7, 1, 9], [8, 1, 2, 9, 6], 0.6
dataset: glass method: BARBE seed: 1 num_sampes: 1000 test size: (54, 9)
EXCEPTION'NoneType' object is not iterable
dataset: glass method: BARBE seed: 1 num_sampes: 1000 test size: (54, 9)
EXCEPTION'NoneType' object is not iterable
dataset: glass method: BARBE seed: 1 num_sampes: 1000 test size: (54, 9)
EXCEPTION'NoneType' object is not iterable
dataset: glass method: BARBE seed: 1 num_sampes: 1000 test size: (54, 9)
EXCEPTION'NoneType' object is not iterable
dataset: glass method: BARBE seed: 1 num_sampes: 1000 test size: (54, 9)
109, [8, 4, 7, 1, 2], [], 0.0
80, [8, 4, 3, 7, 9], [1], 0.0
52, [8, 4, 7, 1, 9], [], 0.0
26, [8, 4, 3, 7, 2], [], 0.0
76, [8, 4, 3, 7, 9], [], 0.0
43, [8, 4, 7, 1, 9], [], 0.0
24, [8, 4, 7, 1, 9], [], 0.0
3, [8, 4, 7, 1, 9], [], 0.0
182, [8, 4, 3, 2], [], 0.0
49, [8, 4, 7, 1, 9], [], 0.0
149, [8, 4, 7, 1], [], 0.0
131, [8, 4, 7, 1], [], 0.0
209, [8, 5], [1], 0.0
30, [8, 4, 7, 1, 9], [], 0.0
121, [8, 4, 3, 7, 9], [], 0.0
175, [8, 4, 3, 2, 7], [], 0.0
115, [8, 4, 7, 1, 9], [], 0.0
188, [8, 4, 3, 2], [], 0.0
8, [8, 4, 7, 1, 9], [], 0.0
60, [8, 4, 7, 1, 9], [], 0.0
128, [8, 4, 3, 2, 7], [], 0.0
1, [8, 4, 7, 1, 9], [], 0.0
57, [8, 4, 7, 1, 9], [], 0.0
22, [8, 4, 7, 1, 9], [], 0.0
61, [8, 5], [1], 0.0
63, [8, 4, 7, 1, 9], [], 0.0
7, [8, 4, 7, 1, 9], [], 0.0
210, [8, 5], [1], 0.0
141, [8, 4, 7, 1, 9], [], 0.0
86, [8, 4, 3, 7, 9], [], 0.0
96, [8, 4, 7, 1, 9], [], 0.0
68, [8, 4, 7, 1, 9], [], 0.0
50, [8, 4, 7, 1, 9], [], 0.0
142, [8, 4, 3, 7, 9], [], 0.0
157, [8, 4, 7, 1, 9], [], 0.0
156, [8, 4, 7, 1], [], 0.0
139, [8, 4, 3, 7, 9], [1], 0.0
146, [8, 4, 7, 1, 9], [], 0.0
101, [8, 4, 3, 7, 2], [1], 0.0
20, [8, 4, 3, 7, 2], [1], 0.0
178, [8, 4, 3, 7, 2], [1], 0.0
25, [8, 4, 7, 1, 9], [], 0.0
134, [8, 4, 7, 1, 9], [], 0.0
71, [8, 4, 7, 1, 9], [], 0.0
129, [8, 4, 3, 2], [], 0.0
144, [8, 4, 7, 1], [], 0.0
192, [8, 5], [1], 0.0
79, [8, 4, 3, 7, 9], [1], 0.0
133, [8, 4, 3, 7, 9], [], 0.0
203, [8, 5], [1], 0.0
137, [8, 4, 3, 7, 9], [1], 0.0
72, [8, 4, 3, 7, 9], [1], 0.0
140, [8, 4, 3, 7, 9], [1], 0.0
37, [8, 4, 7, 1, 9], [], 0.0
dataset: glass method: BARBE seed: 1 num_sampes: 1000 test size: (54, 9)
109, [8, 4, 7, 1, 2], [], 0.0
80, [8, 4, 3, 7, 9], [1], 0.0
52, [8, 4, 7, 1, 9], [], 0.0
26, [8, 4, 3, 7, 2], [], 0.0
76, [8, 4, 3, 7, 9], [], 0.0
43, [8, 4, 7, 1, 9], [], 0.0
24, [8, 4, 7, 1, 9], [], 0.0
3, [8, 4, 7, 1, 9], [], 0.0
182, [8, 4, 3, 2], [], 0.0
49, [8, 4, 7, 1, 9], [], 0.0
149, [8, 4, 7, 1], [], 0.0
131, [8, 4, 7, 1], [], 0.0
209, [8, 5], [1], 0.0
30, [8, 4, 7, 1, 9], [], 0.0
121, [8, 4, 3, 7, 9], [], 0.0
175, [8, 4, 3, 2, 7], [], 0.0
115, [8, 4, 7, 1, 9], [], 0.0
188, [8, 4, 3, 2], [], 0.0
8, [8, 4, 7, 1, 9], [], 0.0
60, [8, 4, 7, 1, 9], [], 0.0
128, [8, 4, 3, 2, 7], [], 0.0
1, [8, 4, 7, 1, 9], [], 0.0
57, [8, 4, 7, 1, 9], [], 0.0
22, [8, 4, 7, 1, 9], [], 0.0
61, [8, 5], [1], 0.0
63, [8, 4, 7, 1, 9], [], 0.0
7, [8, 4, 7, 1, 9], [], 0.0
210, [8, 5], [1], 0.0
141, [8, 4, 7, 1, 9], [], 0.0
86, [8, 4, 3, 7, 9], [], 0.0
96, [8, 4, 7, 1, 9], [], 0.0
68, [8, 4, 7, 1, 9], [], 0.0
50, [8, 4, 7, 1, 9], [], 0.0
142, [8, 4, 3, 7, 9], [], 0.0
157, [8, 4, 7, 1, 9], [], 0.0
156, [8, 4, 7, 1], [], 0.0
139, [8, 4, 3, 7, 9], [1], 0.0
146, [8, 4, 7, 1, 9], [], 0.0
101, [8, 4, 3, 7, 2], [1], 0.0
20, [8, 4, 3, 7, 2], [1], 0.0
178, [8, 4, 3, 7, 2], [1], 0.0
25, [8, 4, 7, 1, 9], [], 0.0
134, [8, 4, 7, 1, 9], [], 0.0
71, [8, 4, 7, 1, 9], [], 0.0
129, [8, 4, 3, 2], [], 0.0
144, [8, 4, 7, 1], [], 0.0
192, [8, 5], [1], 0.0
79, [8, 4, 3, 7, 9], [1], 0.0
133, [8, 4, 3, 7, 9], [], 0.0
203, [8, 5], [1], 0.0
137, [8, 4, 3, 7, 9], [1], 0.0
72, [8, 4, 3, 7, 9], [1], 0.0
140, [8, 4, 3, 7, 9], [1], 0.0
37, [8, 4, 7, 1, 9], [], 0.0
dataset: glass method: BARBE seed: 1 num_sampes: 1000 test size: (54, 9)
109, [8, 4, 7, 1, 2], [], 0.0
80, [8, 4, 3, 7, 9], [1], 0.0
52, [8, 4, 7, 1, 9], [], 0.0
26, [8, 4, 3, 7, 2], [], 0.0
76, [8, 4, 3, 7, 9], [], 0.0
43, [8, 4, 7, 1, 9], [], 0.0
24, [8, 4, 7, 1, 9], [], 0.0
3, [8, 4, 7, 1, 9], [], 0.0
182, [8, 4, 3, 2], [], 0.0
49, [8, 4, 7, 1, 9], [], 0.0
149, [8, 4, 7, 1], [], 0.0
131, [8, 4, 7, 1], [], 0.0
209, [8, 5], [1], 0.0
30, [8, 4, 7, 1, 9], [], 0.0
121, [8, 4, 3, 7, 9], [], 0.0
175, [8, 4, 3, 2, 7], [], 0.0
115, [8, 4, 7, 1, 9], [], 0.0
188, [8, 4, 3, 2], [], 0.0
8, [8, 4, 7, 1, 9], [], 0.0
60, [8, 4, 7, 1, 9], [], 0.0
128, [8, 4, 3, 2, 7], [], 0.0
1, [8, 4, 7, 1, 9], [], 0.0
57, [8, 4, 7, 1, 9], [], 0.0
22, [8, 4, 7, 1, 9], [], 0.0
61, [8, 5], [1], 0.0
63, [8, 4, 7, 1, 9], [], 0.0
7, [8, 4, 7, 1, 9], [], 0.0
210, [8, 5], [1], 0.0
141, [8, 4, 7, 1, 9], [], 0.0
86, [8, 4, 3, 7, 9], [], 0.0
96, [8, 4, 7, 1, 9], [], 0.0
68, [8, 4, 7, 1, 9], [], 0.0
50, [8, 4, 7, 1, 9], [], 0.0
142, [8, 4, 3, 7, 9], [], 0.0
157, [8, 4, 7, 1, 9], [], 0.0
156, [8, 4, 7, 1], [], 0.0
139, [8, 4, 3, 7, 9], [1], 0.0
146, [8, 4, 7, 1, 9], [], 0.0
101, [8, 4, 3, 7, 2], [1], 0.0
20, [8, 4, 3, 7, 2], [1], 0.0
178, [8, 4, 3, 7, 2], [1], 0.0
25, [8, 4, 7, 1, 9], [], 0.0
134, [8, 4, 7, 1, 9], [], 0.0
71, [8, 4, 7, 1, 9], [], 0.0
129, [8, 4, 3, 2], [], 0.0
144, [8, 4, 7, 1], [], 0.0
192, [8, 5], [1], 0.0
79, [8, 4, 3, 7, 9], [1], 0.0
133, [8, 4, 3, 7, 9], [], 0.0
203, [8, 5], [1], 0.0
137, [8, 4, 3, 7, 9], [1], 0.0
72, [8, 4, 3, 7, 9], [1], 0.0
140, [8, 4, 3, 7, 9], [1], 0.0
37, [8, 4, 7, 1, 9], [], 0.0
dataset: glass method: BARBE seed: 1 num_sampes: 1000 test size: (54, 9)
109, [8, 4, 7, 1, 2], [], 0.0
80, [8, 4, 3, 7, 9], [1], 0.0
52, [8, 4, 7, 1, 9], [], 0.0
26, [8, 4, 3, 7, 2], [], 0.0
76, [8, 4, 3, 7, 9], [], 0.0
43, [8, 4, 7, 1, 9], [], 0.0
24, [8, 4, 7, 1, 9], [], 0.0
3, [8, 4, 7, 1, 9], [], 0.0
182, [8, 4, 3, 2], [], 0.0
49, [8, 4, 7, 1, 9], [], 0.0
149, [8, 4, 7, 1], [], 0.0
131, [8, 4, 7, 1], [], 0.0
209, [8, 5], [1], 0.0
30, [8, 4, 7, 1, 9], [], 0.0
121, [8, 4, 3, 7, 9], [], 0.0
175, [8, 4, 3, 2, 7], [], 0.0
115, [8, 4, 7, 1, 9], [], 0.0
188, [8, 4, 3, 2], [], 0.0
8, [8, 4, 7, 1, 9], [], 0.0
60, [8, 4, 7, 1, 9], [], 0.0
128, [8, 4, 3, 2, 7], [], 0.0
1, [8, 4, 7, 1, 9], [], 0.0
57, [8, 4, 7, 1, 9], [], 0.0
22, [8, 4, 7, 1, 9], [], 0.0
61, [8, 5], [1], 0.0
63, [8, 4, 7, 1, 9], [], 0.0
7, [8, 4, 7, 1, 9], [], 0.0
210, [8, 5], [1], 0.0
141, [8, 4, 7, 1, 9], [], 0.0
86, [8, 4, 3, 7, 9], [], 0.0
96, [8, 4, 7, 1, 9], [], 0.0
68, [8, 4, 7, 1, 9], [], 0.0
50, [8, 4, 7, 1, 9], [], 0.0
142, [8, 4, 3, 7, 9], [], 0.0
157, [8, 4, 7, 1, 9], [], 0.0
156, [8, 4, 7, 1], [], 0.0
139, [8, 4, 3, 7, 9], [1], 0.0
146, [8, 4, 7, 1, 9], [], 0.0
101, [8, 4, 3, 7, 2], [1], 0.0
20, [8, 4, 3, 7, 2], [1], 0.0
178, [8, 4, 3, 7, 2], [1], 0.0
25, [8, 4, 7, 1, 9], [], 0.0
134, [8, 4, 7, 1, 9], [], 0.0
71, [8, 4, 7, 1, 9], [], 0.0
129, [8, 4, 3, 2], [], 0.0
144, [8, 4, 7, 1], [], 0.0
192, [8, 5], [1], 0.0
79, [8, 4, 3, 7, 9], [1], 0.0
133, [8, 4, 3, 7, 9], [], 0.0
203, [8, 5], [1], 0.0
137, [8, 4, 3, 7, 9], [1], 0.0
72, [8, 4, 3, 7, 9], [1], 0.0
140, [8, 4, 3, 7, 9], [1], 0.0
37, [8, 4, 7, 1, 9], [], 0.0
dataset: glass method: BARBE seed: 1 num_sampes: 1000 test size: (54, 9)
109, [8, 4, 7, 1, 2], [], 0.0
80, [8, 4, 3, 7, 9], [1], 0.0
52, [8, 4, 7, 1, 9], [], 0.0
26, [8, 4, 3, 7, 2], [], 0.0
76, [8, 4, 3, 7, 9], [], 0.0
43, [8, 4, 7, 1, 9], [], 0.0
24, [8, 4, 7, 1, 9], [], 0.0
3, [8, 4, 7, 1, 9], [], 0.0
182, [8, 4, 3, 2], [], 0.0
49, [8, 4, 7, 1, 9], [], 0.0
149, [8, 4, 7, 1], [], 0.0
131, [8, 4, 7, 1], [], 0.0
209, [8, 5], [1], 0.0
30, [8, 4, 7, 1, 9], [], 0.0
121, [8, 4, 3, 7, 9], [], 0.0
175, [8, 4, 3, 2, 7], [], 0.0
115, [8, 4, 7, 1, 9], [], 0.0
188, [8, 4, 3, 2], [], 0.0
8, [8, 4, 7, 1, 9], [], 0.0
60, [8, 4, 7, 1, 9], [], 0.0
128, [8, 4, 3, 2, 7], [], 0.0
1, [8, 4, 7, 1, 9], [], 0.0
57, [8, 4, 7, 1, 9], [], 0.0
22, [8, 4, 7, 1, 9], [], 0.0
61, [8, 5], [1], 0.0
63, [8, 4, 7, 1, 9], [], 0.0
7, [8, 4, 7, 1, 9], [], 0.0
210, [8, 5], [1], 0.0
141, [8, 4, 7, 1, 9], [], 0.0
86, [8, 4, 3, 7, 9], [], 0.0
96, [8, 4, 7, 1, 9], [], 0.0
68, [8, 4, 7, 1, 9], [], 0.0
50, [8, 4, 7, 1, 9], [], 0.0
142, [8, 4, 3, 7, 9], [], 0.0
157, [8, 4, 7, 1, 9], [], 0.0
156, [8, 4, 7, 1], [], 0.0
139, [8, 4, 3, 7, 9], [1], 0.0
146, [8, 4, 7, 1, 9], [], 0.0
101, [8, 4, 3, 7, 2], [1], 0.0
20, [8, 4, 3, 7, 2], [1], 0.0
178, [8, 4, 3, 7, 2], [1], 0.0
25, [8, 4, 7, 1, 9], [], 0.0
134, [8, 4, 7, 1, 9], [], 0.0
71, [8, 4, 7, 1, 9], [], 0.0
129, [8, 4, 3, 2], [], 0.0
144, [8, 4, 7, 1], [], 0.0
192, [8, 5], [1], 0.0
79, [8, 4, 3, 7, 9], [1], 0.0
133, [8, 4, 3, 7, 9], [], 0.0
203, [8, 5], [1], 0.0
137, [8, 4, 3, 7, 9], [1], 0.0
72, [8, 4, 3, 7, 9], [1], 0.0
140, [8, 4, 3, 7, 9], [1], 0.0
37, [8, 4, 7, 1, 9], [], 0.0
dataset: glass method: BARBE seed: 1 num_sampes: 1000 test size: (54, 9)
109, [8, 4, 7, 1, 2], [], 0.0
80, [8, 4, 3, 7, 9], [1], 0.0
52, [8, 4, 7, 1, 9], [], 0.0
26, [8, 4, 3, 7, 2], [], 0.0
76, [8, 4, 3, 7, 9], [], 0.0
43, [8, 4, 7, 1, 9], [], 0.0
24, [8, 4, 7, 1, 9], [], 0.0
3, [8, 4, 7, 1, 9], [], 0.0
182, [8, 4, 3, 2], [], 0.0
49, [8, 4, 7, 1, 9], [], 0.0
149, [8, 4, 7, 1], [], 0.0
131, [8, 4, 7, 1], [], 0.0
209, [8, 5], [1], 0.0
30, [8, 4, 7, 1, 9], [], 0.0
121, [8, 4, 3, 7, 9], [], 0.0
175, [8, 4, 3, 2, 7], [], 0.0
115, [8, 4, 7, 1, 9], [], 0.0
188, [8, 4, 3, 2], [], 0.0
8, [8, 4, 7, 1, 9], [], 0.0
60, [8, 4, 7, 1, 9], [], 0.0
128, [8, 4, 3, 2, 7], [], 0.0
1, [8, 4, 7, 1, 9], [], 0.0
57, [8, 4, 7, 1, 9], [], 0.0
22, [8, 4, 7, 1, 9], [], 0.0
61, [8, 5], [1], 0.0
63, [8, 4, 7, 1, 9], [], 0.0
7, [8, 4, 7, 1, 9], [], 0.0
210, [8, 5], [1], 0.0
141, [8, 4, 7, 1, 9], [], 0.0
86, [8, 4, 3, 7, 9], [], 0.0
96, [8, 4, 7, 1, 9], [], 0.0
68, [8, 4, 7, 1, 9], [], 0.0
50, [8, 4, 7, 1, 9], [], 0.0
142, [8, 4, 3, 7, 9], [], 0.0
157, [8, 4, 7, 1, 9], [], 0.0
156, [8, 4, 7, 1], [], 0.0
139, [8, 4, 3, 7, 9], [1], 0.0
146, [8, 4, 7, 1, 9], [], 0.0
101, [8, 4, 3, 7, 2], [1], 0.0
20, [8, 4, 3, 7, 2], [1], 0.0
178, [8, 4, 3, 7, 2], [1], 0.0
25, [8, 4, 7, 1, 9], [], 0.0
134, [8, 4, 7, 1, 9], [], 0.0
71, [8, 4, 7, 1, 9], [], 0.0
129, [8, 4, 3, 2], [], 0.0
144, [8, 4, 7, 1], [], 0.0
192, [8, 5], [1], 0.0
79, [8, 4, 3, 7, 9], [1], 0.0
133, [8, 4, 3, 7, 9], [], 0.0
203, [8, 5], [1], 0.0
137, [8, 4, 3, 7, 9], [1], 0.0
72, [8, 4, 3, 7, 9], [1], 0.0
140, [8, 4, 3, 7, 9], [1], 0.0
37, [8, 4, 7, 1, 9], [], 0.0
dataset: glass method: BARBE seed: 1 num_sampes: 1000 test size: (54, 9)
109, [8, 4, 7, 1, 2], [], 0.0
80, [8, 4, 3, 7, 9], [1], 0.0
52, [8, 4, 7, 1, 9], [], 0.0
26, [8, 4, 3, 7, 2], [], 0.0
76, [8, 4, 3, 7, 9], [], 0.0
43, [8, 4, 7, 1, 9], [], 0.0
24, [8, 4, 7, 1, 9], [], 0.0
3, [8, 4, 7, 1, 9], [], 0.0
182, [8, 4, 3, 2], [], 0.0
49, [8, 4, 7, 1, 9], [], 0.0
149, [8, 4, 7, 1], [], 0.0
131, [8, 4, 7, 1], [], 0.0
209, [8, 5], [1], 0.0
30, [8, 4, 7, 1, 9], [], 0.0
121, [8, 4, 3, 7, 9], [], 0.0
175, [8, 4, 3, 2, 7], [], 0.0
115, [8, 4, 7, 1, 9], [], 0.0
188, [8, 4, 3, 2], [], 0.0
8, [8, 4, 7, 1, 9], [], 0.0
60, [8, 4, 7, 1, 9], [], 0.0
128, [8, 4, 3, 2, 7], [], 0.0
1, [8, 4, 7, 1, 9], [], 0.0
57, [8, 4, 7, 1, 9], [], 0.0
22, [8, 4, 7, 1, 9], [], 0.0
61, [8, 5], [1], 0.0
63, [8, 4, 7, 1, 9], [], 0.0
7, [8, 4, 7, 1, 9], [], 0.0
210, [8, 5], [1], 0.0
141, [8, 4, 7, 1, 9], [], 0.0
86, [8, 4, 3, 7, 9], [], 0.0
96, [8, 4, 7, 1, 9], [], 0.0
68, [8, 4, 7, 1, 9], [], 0.0
50, [8, 4, 7, 1, 9], [], 0.0
142, [8, 4, 3, 7, 9], [], 0.0
157, [8, 4, 7, 1, 9], [], 0.0
156, [8, 4, 7, 1], [], 0.0
139, [8, 4, 3, 7, 9], [1], 0.0
146, [8, 4, 7, 1, 9], [], 0.0
101, [8, 4, 3, 7, 2], [1], 0.0
20, [8, 4, 3, 7, 2], [1], 0.0
178, [8, 4, 3, 7, 2], [1], 0.0
25, [8, 4, 7, 1, 9], [], 0.0
134, [8, 4, 7, 1, 9], [], 0.0
71, [8, 4, 7, 1, 9], [], 0.0
129, [8, 4, 3, 2], [], 0.0
144, [8, 4, 7, 1], [], 0.0
192, [8, 5], [1], 0.0
79, [8, 4, 3, 7, 9], [1], 0.0
133, [8, 4, 3, 7, 9], [], 0.0
203, [8, 5], [1], 0.0
137, [8, 4, 3, 7, 9], [1], 0.0
72, [8, 4, 3, 7, 9], [1], 0.0
140, [8, 4, 3, 7, 9], [1], 0.0
37, [8, 4, 7, 1, 9], [], 0.0
dataset: glass method: BARBE seed: 1 num_sampes: 1000 test size: (54, 9)
109, [8, 4, 7, 1, 2], [], 0.0
80, [8, 4, 3, 7, 9], [1], 0.0
52, [8, 4, 7, 1, 9], [], 0.0
26, [8, 4, 3, 7, 2], [], 0.0
76, [8, 4, 3, 7, 9], [], 0.0
43, [8, 4, 7, 1, 9], [], 0.0
24, [8, 4, 7, 1, 9], [], 0.0
3, [8, 4, 7, 1, 9], [], 0.0
182, [8, 4, 3, 2], [], 0.0
49, [8, 4, 7, 1, 9], [], 0.0
149, [8, 4, 7, 1], [], 0.0
131, [8, 4, 7, 1], [], 0.0
209, [8, 5], [1], 0.0
30, [8, 4, 7, 1, 9], [], 0.0
121, [8, 4, 3, 7, 9], [], 0.0
175, [8, 4, 3, 2, 7], [], 0.0
115, [8, 4, 7, 1, 9], [], 0.0
188, [8, 4, 3, 2], [], 0.0
8, [8, 4, 7, 1, 9], [], 0.0
60, [8, 4, 7, 1, 9], [], 0.0
128, [8, 4, 3, 2, 7], [], 0.0
1, [8, 4, 7, 1, 9], [], 0.0
57, [8, 4, 7, 1, 9], [], 0.0
22, [8, 4, 7, 1, 9], [], 0.0
61, [8, 5], [1], 0.0
63, [8, 4, 7, 1, 9], [], 0.0
7, [8, 4, 7, 1, 9], [], 0.0
210, [8, 5], [1], 0.0
141, [8, 4, 7, 1, 9], [], 0.0
86, [8, 4, 3, 7, 9], [], 0.0
96, [8, 4, 7, 1, 9], [], 0.0
68, [8, 4, 7, 1, 9], [], 0.0
50, [8, 4, 7, 1, 9], [], 0.0
142, [8, 4, 3, 7, 9], [], 0.0
157, [8, 4, 7, 1, 9], [], 0.0
156, [8, 4, 7, 1], [], 0.0
139, [8, 4, 3, 7, 9], [1], 0.0
146, [8, 4, 7, 1, 9], [], 0.0
101, [8, 4, 3, 7, 2], [1], 0.0
20, [8, 4, 3, 7, 2], [1], 0.0
178, [8, 4, 3, 7, 2], [1], 0.0
25, [8, 4, 7, 1, 9], [], 0.0
134, [8, 4, 7, 1, 9], [], 0.0
71, [8, 4, 7, 1, 9], [], 0.0
129, [8, 4, 3, 2], [], 0.0
144, [8, 4, 7, 1], [], 0.0
192, [8, 5], [1], 0.0
79, [8, 4, 3, 7, 9], [1], 0.0
133, [8, 4, 3, 7, 9], [], 0.0
203, [8, 5], [1], 0.0
137, [8, 4, 3, 7, 9], [1], 0.0
72, [8, 4, 3, 7, 9], [1], 0.0
140, [8, 4, 3, 7, 9], [1], 0.0
37, [8, 4, 7, 1, 9], [], 0.0
